2017-01-30 09:27:30,236 [Worker-78] WARN  o.e.m.c.i.embedder.EclipseLogger - The POM for com.ge.digitaltwin.tutorial:tutorial-common:jar:1.1-SNAPSHOT is missing, no dependency information available
2017-01-30 09:27:31,065 [Worker-78] WARN  o.e.m.c.i.embedder.EclipseLogger - The POM for com.ge.digitaltwin.tutorial:tutorial-common:jar:1.1-SNAPSHOT is missing, no dependency information available
2017-01-30 09:56:02,814 [Worker-90] INFO  o.e.m.c.i.e.AbstractTransferListenerAdapter - Downloading http://repo1.maven.org/maven2/org/apache/maven/plugins/maven-surefire-plugin/2.12.4/maven-surefire-plugin-2.12.4.jar
2017-01-30 09:56:04,262 [Worker-90] INFO  o.e.m.c.i.e.AbstractTransferListenerAdapter - Downloaded http://repo1.maven.org/maven2/org/apache/maven/plugins/maven-surefire-plugin/2.12.4/maven-surefire-plugin-2.12.4.jar
2017-01-30 09:56:04,662 [Worker-90] INFO  o.e.m.c.i.e.AbstractTransferListenerAdapter - Downloading http://repo1.maven.org/maven2/org/apache/maven/plugins/maven-jar-plugin/2.4/maven-jar-plugin-2.4.jar
2017-01-30 09:56:05,769 [Worker-90] INFO  o.e.m.c.i.e.AbstractTransferListenerAdapter - Downloaded http://repo1.maven.org/maven2/org/apache/maven/plugins/maven-jar-plugin/2.4/maven-jar-plugin-2.4.jar
2017-01-30 09:56:06,099 [Worker-90] INFO  o.e.m.c.i.e.AbstractTransferListenerAdapter - Downloading http://repo1.maven.org/maven2/org/apache/maven/plugins/maven-install-plugin/2.4/maven-install-plugin-2.4.jar
2017-01-30 09:56:06,883 [Worker-90] INFO  o.e.m.c.i.e.AbstractTransferListenerAdapter - Downloaded http://repo1.maven.org/maven2/org/apache/maven/plugins/maven-install-plugin/2.4/maven-install-plugin-2.4.jar
2017-01-30 09:56:07,241 [Worker-90] INFO  o.e.m.c.i.e.AbstractTransferListenerAdapter - Downloading http://repo1.maven.org/maven2/org/apache/maven/plugins/maven-deploy-plugin/2.7/maven-deploy-plugin-2.7.jar
2017-01-30 09:56:08,007 [Worker-90] INFO  o.e.m.c.i.e.AbstractTransferListenerAdapter - Downloaded http://repo1.maven.org/maven2/org/apache/maven/plugins/maven-deploy-plugin/2.7/maven-deploy-plugin-2.7.jar
2017-01-30 09:56:08,335 [Worker-90] INFO  o.e.m.c.i.e.AbstractTransferListenerAdapter - Downloading http://repo1.maven.org/maven2/org/apache/maven/plugins/maven-site-plugin/3.3/maven-site-plugin-3.3.jar
2017-01-30 09:56:09,689 [Worker-90] INFO  o.e.m.c.i.e.AbstractTransferListenerAdapter - Downloaded http://repo1.maven.org/maven2/org/apache/maven/plugins/maven-site-plugin/3.3/maven-site-plugin-3.3.jar
2017-01-30 09:56:10,381 [Worker-90] INFO  o.e.m.c.i.l.LifecycleMappingFactory - Using org.eclipse.m2e.jdt.JarLifecycleMapping lifecycle mapping for MavenProject: steam-turbine-tutorial:steam-turbine-tutorial:1.1-SNAPSHOT @ /predix/Documents/DigitalTwinAgain/steam-turbine-tutorial/pom.xml.
2017-01-30 09:56:11,182 [Worker-90] INFO  o.e.m.c.i.e.AbstractTransferListenerAdapter - Downloading http://repo1.maven.org/maven2/org/apache/maven/plugins/maven-surefire-plugin/2.12.4/maven-surefire-plugin-2.12.4.pom
2017-01-30 09:56:11,758 [Worker-90] INFO  o.e.m.c.i.e.AbstractTransferListenerAdapter - Downloaded http://repo1.maven.org/maven2/org/apache/maven/plugins/maven-surefire-plugin/2.12.4/maven-surefire-plugin-2.12.4.pom
2017-01-30 09:56:12,065 [Worker-90] INFO  o.e.m.c.i.e.AbstractTransferListenerAdapter - Downloading http://repo1.maven.org/maven2/org/apache/maven/surefire/surefire/2.12.4/surefire-2.12.4.pom
2017-01-30 09:56:12,438 [Worker-90] INFO  o.e.m.c.i.e.AbstractTransferListenerAdapter - Downloaded http://repo1.maven.org/maven2/org/apache/maven/surefire/surefire/2.12.4/surefire-2.12.4.pom
2017-01-30 09:56:12,742 [Worker-90] INFO  o.e.m.c.i.e.AbstractTransferListenerAdapter - Downloading http://repo1.maven.org/maven2/org/apache/maven/plugins/maven-jar-plugin/2.4/maven-jar-plugin-2.4.pom
2017-01-30 09:56:13,065 [Worker-90] INFO  o.e.m.c.i.e.AbstractTransferListenerAdapter - Downloaded http://repo1.maven.org/maven2/org/apache/maven/plugins/maven-jar-plugin/2.4/maven-jar-plugin-2.4.pom
2017-01-30 09:56:13,429 [Worker-90] INFO  o.e.m.c.i.e.AbstractTransferListenerAdapter - Downloading http://repo1.maven.org/maven2/commons-lang/commons-lang/2.1/commons-lang-2.1.pom
2017-01-30 09:56:13,772 [Worker-90] INFO  o.e.m.c.i.e.AbstractTransferListenerAdapter - Downloaded http://repo1.maven.org/maven2/commons-lang/commons-lang/2.1/commons-lang-2.1.pom
2017-01-30 09:56:14,079 [Worker-90] INFO  o.e.m.c.i.e.AbstractTransferListenerAdapter - Downloading http://repo1.maven.org/maven2/org/codehaus/plexus/plexus-archiver/2.1/plexus-archiver-2.1.jar
2017-01-30 09:56:16,147 [Worker-90] INFO  o.e.m.c.i.e.AbstractTransferListenerAdapter - Downloaded http://repo1.maven.org/maven2/org/codehaus/plexus/plexus-archiver/2.1/plexus-archiver-2.1.jar
2017-01-30 09:56:16,435 [Worker-90] INFO  o.e.m.c.i.e.AbstractTransferListenerAdapter - Downloading http://repo1.maven.org/maven2/org/codehaus/plexus/plexus-io/2.0.2/plexus-io-2.0.2.jar
2017-01-30 09:56:18,683 [Worker-90] INFO  o.e.m.c.i.e.AbstractTransferListenerAdapter - Downloaded http://repo1.maven.org/maven2/org/codehaus/plexus/plexus-io/2.0.2/plexus-io-2.0.2.jar
2017-01-30 09:56:18,970 [Worker-90] INFO  o.e.m.c.i.e.AbstractTransferListenerAdapter - Downloading http://repo1.maven.org/maven2/commons-lang/commons-lang/2.1/commons-lang-2.1.jar
2017-01-30 09:56:21,611 [Worker-90] INFO  o.e.m.c.i.e.AbstractTransferListenerAdapter - Downloaded http://repo1.maven.org/maven2/commons-lang/commons-lang/2.1/commons-lang-2.1.jar
2017-01-30 09:56:26,159 [Worker-90] INFO  o.e.m.j.i.AbstractJavaProjectConfigurator - Adding source folder /steam-turbine-tutorial/src/main/java
2017-01-30 09:56:26,195 [Worker-90] INFO  o.e.m.j.i.AbstractJavaProjectConfigurator - Adding source folder /steam-turbine-tutorial/src/test/java
2017-01-30 09:56:26,696 [Worker-90] INFO  o.e.m.c.i.p.ProjectConfigurationManager - Update started
2017-01-30 09:56:26,933 [Worker-90] INFO  o.e.m.c.i.l.LifecycleMappingFactory - Using org.eclipse.m2e.jdt.JarLifecycleMapping lifecycle mapping for MavenProject: steam-turbine-tutorial:steam-turbine-tutorial:1.1-SNAPSHOT @ /predix/Documents/DigitalTwinAgain/steam-turbine-tutorial/pom.xml.
2017-01-30 09:56:27,340 [Worker-94] WARN  o.e.m.c.i.embedder.EclipseLogger - Using platform encoding (UTF-8 actually) to copy filtered resources, i.e. build is platform dependent!
2017-01-30 09:56:27,340 [Worker-94] INFO  o.e.m.c.i.embedder.EclipseLogger - skip non existing resourceDirectory /predix/Documents/DigitalTwinAgain/steam-turbine-tutorial/src/main/resources
2017-01-30 09:56:27,343 [Worker-94] WARN  o.e.m.c.i.embedder.EclipseLogger - Using platform encoding (UTF-8 actually) to copy filtered resources, i.e. build is platform dependent!
2017-01-30 09:56:27,343 [Worker-94] INFO  o.e.m.c.i.embedder.EclipseLogger - skip non existing resourceDirectory /predix/Documents/DigitalTwinAgain/steam-turbine-tutorial/src/test/resources
2017-01-30 09:56:27,724 [Worker-90] INFO  o.e.m.j.i.AbstractJavaProjectConfigurator - Adding source folder /steam-turbine-tutorial/src/main/java
2017-01-30 09:56:27,728 [Worker-90] INFO  o.e.m.j.i.AbstractJavaProjectConfigurator - Adding source folder /steam-turbine-tutorial/src/test/java
2017-01-30 09:56:27,803 [Worker-90] INFO  o.e.m.c.i.p.ProjectConfigurationManager - Update completed: 1 sec
2017-01-30 09:56:28,759 [Worker-99] WARN  o.e.m.c.i.embedder.EclipseLogger - Using platform encoding (UTF-8 actually) to copy filtered resources, i.e. build is platform dependent!
2017-01-30 09:56:28,759 [Worker-99] INFO  o.e.m.c.i.embedder.EclipseLogger - skip non existing resourceDirectory /predix/Documents/DigitalTwinAgain/steam-turbine-tutorial/src/main/resources
2017-01-30 09:56:28,760 [Worker-99] WARN  o.e.m.c.i.embedder.EclipseLogger - Using platform encoding (UTF-8 actually) to copy filtered resources, i.e. build is platform dependent!
2017-01-30 09:56:28,761 [Worker-99] INFO  o.e.m.c.i.embedder.EclipseLogger - skip non existing resourceDirectory /predix/Documents/DigitalTwinAgain/steam-turbine-tutorial/src/test/resources
2017-01-30 09:59:59,420 [main] INFO  o.e.m2e.actions.ExecutePomAction - Creating new launch configuration
2017-01-30 10:00:07,246 [Worker-100] INFO  o.e.m.i.launch.MavenLaunchDelegate - /predix/Documents/DigitalTwinAgain/steam-turbine-tutorial
2017-01-30 10:00:07,247 [Worker-100] INFO  o.e.m.i.launch.MavenLaunchDelegate -  mvn -B clean install
2017-01-30 10:14:57,735 [Worker-105] WARN  o.e.m.c.i.embedder.EclipseLogger - Using platform encoding (UTF-8 actually) to copy filtered resources, i.e. build is platform dependent!
2017-01-30 10:14:57,736 [Worker-105] INFO  o.e.m.c.i.embedder.EclipseLogger - skip non existing resourceDirectory /predix/Documents/DigitalTwinAgain/steam-turbine-tutorial/src/main/resources
2017-01-30 10:14:57,737 [Worker-105] WARN  o.e.m.c.i.embedder.EclipseLogger - Using platform encoding (UTF-8 actually) to copy filtered resources, i.e. build is platform dependent!
2017-01-30 10:14:57,737 [Worker-105] INFO  o.e.m.c.i.embedder.EclipseLogger - skip non existing resourceDirectory /predix/Documents/DigitalTwinAgain/steam-turbine-tutorial/src/test/resources
2017-01-30 11:29:34,143 [Worker-124] WARN  o.e.m.c.i.embedder.EclipseLogger - Using platform encoding (UTF-8 actually) to copy filtered resources, i.e. build is platform dependent!
2017-01-30 11:29:34,143 [Worker-124] INFO  o.e.m.c.i.embedder.EclipseLogger - skip non existing resourceDirectory /predix/Documents/DigitalTwinAgain/steam-turbine-tutorial/src/main/resources
2017-01-30 11:29:34,144 [Worker-124] WARN  o.e.m.c.i.embedder.EclipseLogger - Using platform encoding (UTF-8 actually) to copy filtered resources, i.e. build is platform dependent!
2017-01-30 11:29:34,144 [Worker-124] INFO  o.e.m.c.i.embedder.EclipseLogger - skip non existing resourceDirectory /predix/Documents/DigitalTwinAgain/steam-turbine-tutorial/src/test/resources
2017-01-30 11:52:57,814 [Worker-125] WARN  o.e.m.c.i.embedder.EclipseLogger - Using platform encoding (UTF-8 actually) to copy filtered resources, i.e. build is platform dependent!
2017-01-30 11:52:57,839 [Worker-125] INFO  o.e.m.c.i.embedder.EclipseLogger - skip non existing resourceDirectory /predix/Documents/DigitalTwinAgain/steam-turbine-tutorial/src/main/resources
2017-01-30 11:52:57,840 [Worker-125] WARN  o.e.m.c.i.embedder.EclipseLogger - Using platform encoding (UTF-8 actually) to copy filtered resources, i.e. build is platform dependent!
2017-01-30 11:52:57,841 [Worker-125] INFO  o.e.m.c.i.embedder.EclipseLogger - skip non existing resourceDirectory /predix/Documents/DigitalTwinAgain/steam-turbine-tutorial/src/test/resources
2017-01-30 14:07:24,206 [Worker-158] WARN  o.e.m.c.i.embedder.EclipseLogger - Using platform encoding (UTF-8 actually) to copy filtered resources, i.e. build is platform dependent!
2017-01-30 14:07:24,206 [Worker-158] INFO  o.e.m.c.i.embedder.EclipseLogger - skip non existing resourceDirectory /predix/Documents/DigitalTwinAgain/steam-turbine-tutorial/src/main/resources
2017-01-30 14:07:24,207 [Worker-158] WARN  o.e.m.c.i.embedder.EclipseLogger - Using platform encoding (UTF-8 actually) to copy filtered resources, i.e. build is platform dependent!
2017-01-30 14:07:24,207 [Worker-158] INFO  o.e.m.c.i.embedder.EclipseLogger - skip non existing resourceDirectory /predix/Documents/DigitalTwinAgain/steam-turbine-tutorial/src/test/resources
2017-01-30 14:18:04,758 [Worker-161] WARN  o.e.m.c.i.embedder.EclipseLogger - Using platform encoding (UTF-8 actually) to copy filtered resources, i.e. build is platform dependent!
2017-01-30 14:18:04,759 [Worker-161] INFO  o.e.m.c.i.embedder.EclipseLogger - skip non existing resourceDirectory /predix/Documents/DigitalTwinAgain/steam-turbine-tutorial/src/main/resources
2017-01-30 14:18:04,760 [Worker-161] WARN  o.e.m.c.i.embedder.EclipseLogger - Using platform encoding (UTF-8 actually) to copy filtered resources, i.e. build is platform dependent!
2017-01-30 14:18:04,760 [Worker-161] INFO  o.e.m.c.i.embedder.EclipseLogger - skip non existing resourceDirectory /predix/Documents/DigitalTwinAgain/steam-turbine-tutorial/src/test/resources
2017-01-30 14:26:38,375 [Worker-165] INFO  o.e.m.i.launch.MavenLaunchDelegate - /predix/Documents/DigitalTwinAgain/steam-turbine-tutorial
2017-01-30 14:26:38,389 [Worker-165] INFO  o.e.m.i.launch.MavenLaunchDelegate -  mvn -B clean install
2017-01-30 14:27:30,439 [Worker-164] INFO  o.e.m.i.launch.MavenLaunchDelegate - /predix/Documents/DigitalTwinAgain/steam-turbine-tutorial
2017-01-30 14:27:30,439 [Worker-164] INFO  o.e.m.i.launch.MavenLaunchDelegate -  mvn -B clean install
2017-01-30 14:30:18,244 [Worker-166] INFO  o.e.m.i.launch.MavenLaunchDelegate - /predix/Documents/DigitalTwinAgain/steam-turbine-tutorial/tutorial-svcs/tutorial-data
2017-01-30 14:30:18,244 [Worker-166] INFO  o.e.m.i.launch.MavenLaunchDelegate -  mvn -B clean install
2017-01-30 14:30:55,291 [Worker-168] INFO  o.e.m.c.i.p.ProjectConfigurationManager - Update started
2017-01-30 14:30:56,583 [Worker-168] INFO  o.e.m.c.i.e.AbstractTransferListenerAdapter - Downloading http://repo1.maven.org/maven2/org/apache/maven/plugins/maven-site-plugin/3.4/maven-site-plugin-3.4.jar
2017-01-30 14:30:59,122 [Worker-168] INFO  o.e.m.c.i.e.AbstractTransferListenerAdapter - Downloaded http://repo1.maven.org/maven2/org/apache/maven/plugins/maven-site-plugin/3.4/maven-site-plugin-3.4.jar
2017-01-30 14:30:59,228 [Worker-168] INFO  o.e.m.c.i.l.LifecycleMappingFactory - Using org.eclipse.m2e.jdt.JarLifecycleMapping lifecycle mapping for MavenProject: com.ge.digitaltwin:digital-twin-time-series-client:3.1.0-SNAPSHOT @ /predix/Documents/DigitalTwinAgain/digital-twin-time-series-client/pom.xml.
2017-01-30 14:31:00,377 [Worker-168] INFO  o.e.m.j.i.AbstractJavaProjectConfigurator - Adding source folder /digital-twin-time-series-client/src/main/java
2017-01-30 14:31:00,424 [Worker-168] INFO  o.e.m.j.i.AbstractJavaProjectConfigurator - Adding source folder /digital-twin-time-series-client/src/test/java
2017-01-30 14:31:00,424 [Worker-168] INFO  o.e.m.j.i.AbstractJavaProjectConfigurator - Adding resource folder /digital-twin-time-series-client/src/test/resources
2017-01-30 14:31:05,179 [Worker-168] INFO  o.e.m.c.i.p.ProjectConfigurationManager - Update completed: 9 sec
2017-01-30 14:31:06,112 [Worker-166] INFO  o.e.m.c.i.embedder.EclipseLogger - Using 'UTF-8' encoding to copy filtered resources.
2017-01-30 14:31:06,112 [Worker-166] INFO  o.e.m.c.i.embedder.EclipseLogger - skip non existing resourceDirectory /predix/Documents/DigitalTwinAgain/digital-twin-time-series-client/src/main/resources
2017-01-30 14:31:06,112 [Worker-166] INFO  o.e.m.c.i.embedder.EclipseLogger - skip non existing resourceDirectory /predix/Documents/DigitalTwinAgain/digital-twin-time-series-client/src/main/resources
2017-01-30 14:31:06,115 [Worker-166] INFO  o.e.m.c.i.embedder.EclipseLogger - Using 'UTF-8' encoding to copy filtered resources.
2017-01-30 14:31:06,131 [Worker-166] INFO  o.e.m.c.i.embedder.EclipseLogger - Copying 1 resource
2017-01-30 14:31:26,205 [main] INFO  o.e.m2e.actions.ExecutePomAction - Using existing launch configuration
2017-01-30 14:31:26,380 [Worker-169] INFO  o.e.m.i.launch.MavenLaunchDelegate - /predix/Documents/DigitalTwinAgain/steam-turbine-tutorial
2017-01-30 14:31:26,380 [Worker-169] INFO  o.e.m.i.launch.MavenLaunchDelegate -  mvn -B clean install
2017-01-30 14:34:46,361 [Worker-1] INFO  o.e.m.c.i.embedder.EclipseLogger - Using 'UTF-8' encoding to copy filtered resources.
2017-01-30 14:34:46,389 [Worker-1] INFO  o.e.m.c.i.embedder.EclipseLogger - skip non existing resourceDirectory /predix/Documents/DigitalTwinAgain/digital-twin-time-series-client/src/main/resources
2017-01-30 14:34:46,389 [Worker-1] INFO  o.e.m.c.i.embedder.EclipseLogger - skip non existing resourceDirectory /predix/Documents/DigitalTwinAgain/digital-twin-time-series-client/src/main/resources
2017-01-30 14:34:46,410 [Worker-1] INFO  o.e.m.c.i.embedder.EclipseLogger - Using 'UTF-8' encoding to copy filtered resources.
2017-01-30 14:34:46,413 [Worker-1] INFO  o.e.m.c.i.embedder.EclipseLogger - Copying 1 resource
2017-01-30 14:34:48,042 [Worker-1] WARN  o.e.m.c.i.embedder.EclipseLogger - Using platform encoding (UTF-8 actually) to copy filtered resources, i.e. build is platform dependent!
2017-01-30 14:34:48,075 [Worker-1] INFO  o.e.m.c.i.embedder.EclipseLogger - skip non existing resourceDirectory /predix/Documents/DigitalTwinAgain/steam-turbine-tutorial/src/main/resources
2017-01-30 14:34:48,077 [Worker-1] WARN  o.e.m.c.i.embedder.EclipseLogger - Using platform encoding (UTF-8 actually) to copy filtered resources, i.e. build is platform dependent!
2017-01-30 14:34:48,077 [Worker-1] INFO  o.e.m.c.i.embedder.EclipseLogger - skip non existing resourceDirectory /predix/Documents/DigitalTwinAgain/steam-turbine-tutorial/src/test/resources
2017-01-30 14:39:49,957 [Worker-16] INFO  o.e.m.i.launch.MavenLaunchDelegate - /predix/Documents/DigitalTwinAgain/digital-twin-time-series-client
2017-01-30 14:39:49,971 [Worker-16] INFO  o.e.m.i.launch.MavenLaunchDelegate -  mvn -B clean
2017-01-30 14:39:52,904 [Worker-15] INFO  o.e.m.c.i.embedder.EclipseLogger - Using 'UTF-8' encoding to copy filtered resources.
2017-01-30 14:39:52,904 [Worker-15] INFO  o.e.m.c.i.embedder.EclipseLogger - skip non existing resourceDirectory /predix/Documents/DigitalTwinAgain/digital-twin-time-series-client/src/main/resources
2017-01-30 14:39:52,904 [Worker-15] INFO  o.e.m.c.i.embedder.EclipseLogger - skip non existing resourceDirectory /predix/Documents/DigitalTwinAgain/digital-twin-time-series-client/src/main/resources
2017-01-30 14:39:52,906 [Worker-15] INFO  o.e.m.c.i.embedder.EclipseLogger - Using 'UTF-8' encoding to copy filtered resources.
2017-01-30 14:39:52,909 [Worker-15] INFO  o.e.m.c.i.embedder.EclipseLogger - Copying 1 resource
2017-01-30 14:40:54,096 [Worker-15] INFO  o.e.m.c.i.p.ProjectConfigurationManager - Update started
2017-01-30 14:40:55,429 [Worker-15] INFO  o.e.m.c.i.l.LifecycleMappingFactory - Using org.eclipse.m2e.jdt.JarLifecycleMapping lifecycle mapping for MavenProject: com.ge.digitaltwin:digital-twin-time-series-client:3.1.0-SNAPSHOT @ /predix/Documents/DigitalTwinAgain/digital-twin-time-series-client/pom.xml.
2017-01-30 14:40:56,119 [Worker-15] INFO  o.e.m.j.i.AbstractJavaProjectConfigurator - Adding source folder /digital-twin-time-series-client/src/main/java
2017-01-30 14:40:56,120 [Worker-15] INFO  o.e.m.j.i.AbstractJavaProjectConfigurator - Adding source folder /digital-twin-time-series-client/src/test/java
2017-01-30 14:40:56,120 [Worker-15] INFO  o.e.m.j.i.AbstractJavaProjectConfigurator - Adding resource folder /digital-twin-time-series-client/src/test/resources
2017-01-30 14:40:56,892 [Worker-15] INFO  o.e.m.c.i.p.ProjectConfigurationManager - Update completed: 2 sec
2017-01-30 14:41:05,050 [Worker-17] INFO  o.e.m.c.i.embedder.EclipseLogger - Using 'UTF-8' encoding to copy filtered resources.
2017-01-30 14:41:05,050 [Worker-17] INFO  o.e.m.c.i.embedder.EclipseLogger - skip non existing resourceDirectory /predix/Documents/DigitalTwinAgain/digital-twin-time-series-client/src/main/resources
2017-01-30 14:41:05,050 [Worker-17] INFO  o.e.m.c.i.embedder.EclipseLogger - skip non existing resourceDirectory /predix/Documents/DigitalTwinAgain/digital-twin-time-series-client/src/main/resources
2017-01-30 14:41:05,052 [Worker-17] INFO  o.e.m.c.i.embedder.EclipseLogger - Using 'UTF-8' encoding to copy filtered resources.
2017-01-30 14:41:05,052 [Worker-17] INFO  o.e.m.c.i.embedder.EclipseLogger - Copying 1 resource
2017-01-30 14:42:12,503 [Worker-16] INFO  o.e.m.c.i.p.ProjectConfigurationManager - Update started
2017-01-30 14:42:12,826 [Worker-16] INFO  o.e.m.c.i.l.LifecycleMappingFactory - Using org.eclipse.m2e.jdt.JarLifecycleMapping lifecycle mapping for MavenProject: steam-turbine-tutorial:steam-turbine-tutorial:1.1-SNAPSHOT @ /predix/Documents/DigitalTwinAgain/steam-turbine-tutorial/pom.xml.
2017-01-30 14:42:13,809 [Worker-16] INFO  o.e.m.j.i.AbstractJavaProjectConfigurator - Adding source folder /steam-turbine-tutorial/src/main/java
2017-01-30 14:42:13,809 [Worker-16] INFO  o.e.m.j.i.AbstractJavaProjectConfigurator - Adding source folder /steam-turbine-tutorial/src/test/java
2017-01-30 14:42:13,965 [Worker-16] INFO  o.e.m.c.i.p.ProjectConfigurationManager - Update completed: 1 sec
2017-01-30 14:42:14,211 [Worker-18] WARN  o.e.m.c.i.embedder.EclipseLogger - Using platform encoding (UTF-8 actually) to copy filtered resources, i.e. build is platform dependent!
2017-01-30 14:42:14,212 [Worker-18] INFO  o.e.m.c.i.embedder.EclipseLogger - skip non existing resourceDirectory /predix/Documents/DigitalTwinAgain/steam-turbine-tutorial/src/main/resources
2017-01-30 14:42:14,214 [Worker-18] WARN  o.e.m.c.i.embedder.EclipseLogger - Using platform encoding (UTF-8 actually) to copy filtered resources, i.e. build is platform dependent!
2017-01-30 14:42:14,214 [Worker-18] INFO  o.e.m.c.i.embedder.EclipseLogger - skip non existing resourceDirectory /predix/Documents/DigitalTwinAgain/steam-turbine-tutorial/src/test/resources
2017-01-30 14:43:22,943 [Worker-20] INFO  o.e.m.c.i.l.LifecycleMappingFactory - Using org.eclipse.m2e.jdt.JarLifecycleMapping lifecycle mapping for MavenProject: com.ge.digitaltwin:digital-twin-time-series-client:3.1.0 @ /predix/Documents/DigitalTwinAgain/digital-twin-time-series-client/pom.xml.
2017-01-30 14:43:23,311 [Worker-20] INFO  o.e.m.c.i.embedder.EclipseLogger - Using 'UTF-8' encoding to copy filtered resources.
2017-01-30 14:43:23,311 [Worker-20] INFO  o.e.m.c.i.embedder.EclipseLogger - skip non existing resourceDirectory /predix/Documents/DigitalTwinAgain/digital-twin-time-series-client/src/main/resources
2017-01-30 14:43:23,311 [Worker-20] INFO  o.e.m.c.i.embedder.EclipseLogger - skip non existing resourceDirectory /predix/Documents/DigitalTwinAgain/digital-twin-time-series-client/src/main/resources
2017-01-30 14:43:23,313 [Worker-20] INFO  o.e.m.c.i.embedder.EclipseLogger - Using 'UTF-8' encoding to copy filtered resources.
2017-01-30 14:43:23,313 [Worker-20] INFO  o.e.m.c.i.embedder.EclipseLogger - Copying 0 resource
2017-01-30 14:43:31,302 [Worker-15] INFO  o.e.m.i.launch.MavenLaunchDelegate - /predix/Documents/DigitalTwinAgain/digital-twin-time-series-client
2017-01-30 14:43:31,302 [Worker-15] INFO  o.e.m.i.launch.MavenLaunchDelegate -  mvn -B clean
2017-01-30 14:43:33,746 [Worker-2] INFO  o.e.m.c.i.embedder.EclipseLogger - Using 'UTF-8' encoding to copy filtered resources.
2017-01-30 14:43:33,746 [Worker-2] INFO  o.e.m.c.i.embedder.EclipseLogger - skip non existing resourceDirectory /predix/Documents/DigitalTwinAgain/digital-twin-time-series-client/src/main/resources
2017-01-30 14:43:33,746 [Worker-2] INFO  o.e.m.c.i.embedder.EclipseLogger - skip non existing resourceDirectory /predix/Documents/DigitalTwinAgain/digital-twin-time-series-client/src/main/resources
2017-01-30 14:43:33,751 [Worker-2] INFO  o.e.m.c.i.embedder.EclipseLogger - Using 'UTF-8' encoding to copy filtered resources.
2017-01-30 14:43:33,752 [Worker-2] INFO  o.e.m.c.i.embedder.EclipseLogger - Copying 1 resource
2017-01-30 14:43:45,064 [main] INFO  o.e.m2e.actions.ExecutePomAction - Creating new launch configuration
2017-01-30 14:43:54,777 [Worker-18] INFO  o.e.m.i.launch.MavenLaunchDelegate - /predix/Documents/DigitalTwinAgain/digital-twin-time-series-client
2017-01-30 14:43:54,777 [Worker-18] INFO  o.e.m.i.launch.MavenLaunchDelegate -  mvn -B clean install
2017-01-30 14:44:19,246 [Worker-20] INFO  o.e.m.c.i.p.ProjectConfigurationManager - Update started
2017-01-30 14:44:19,567 [Worker-20] INFO  o.e.m.c.i.l.LifecycleMappingFactory - Using org.eclipse.m2e.jdt.JarLifecycleMapping lifecycle mapping for MavenProject: com.ge.digitaltwin:digital-twin-time-series-client:3.1.0 @ /predix/Documents/DigitalTwinAgain/digital-twin-time-series-client/pom.xml.
2017-01-30 14:44:20,087 [Worker-20] INFO  o.e.m.j.i.AbstractJavaProjectConfigurator - Adding source folder /digital-twin-time-series-client/src/main/java
2017-01-30 14:44:20,088 [Worker-20] INFO  o.e.m.j.i.AbstractJavaProjectConfigurator - Adding source folder /digital-twin-time-series-client/src/test/java
2017-01-30 14:44:20,088 [Worker-20] INFO  o.e.m.j.i.AbstractJavaProjectConfigurator - Adding resource folder /digital-twin-time-series-client/src/test/resources
2017-01-30 14:44:20,452 [Worker-20] INFO  o.e.m.c.i.p.ProjectConfigurationManager - Update completed: 1 sec
2017-01-30 14:44:22,980 [Worker-20] INFO  o.e.m.c.i.embedder.EclipseLogger - Using 'UTF-8' encoding to copy filtered resources.
2017-01-30 14:44:22,980 [Worker-20] INFO  o.e.m.c.i.embedder.EclipseLogger - skip non existing resourceDirectory /predix/Documents/DigitalTwinAgain/digital-twin-time-series-client/src/main/resources
2017-01-30 14:44:22,980 [Worker-20] INFO  o.e.m.c.i.embedder.EclipseLogger - skip non existing resourceDirectory /predix/Documents/DigitalTwinAgain/digital-twin-time-series-client/src/main/resources
2017-01-30 14:44:23,026 [Worker-20] INFO  o.e.m.c.i.embedder.EclipseLogger - Using 'UTF-8' encoding to copy filtered resources.
2017-01-30 14:44:23,026 [Worker-20] INFO  o.e.m.c.i.embedder.EclipseLogger - Copying 1 resource
2017-01-30 14:44:45,730 [Worker-20] INFO  o.e.m.c.i.p.ProjectConfigurationManager - Update started
2017-01-30 14:44:46,232 [Worker-20] INFO  o.e.m.c.i.l.LifecycleMappingFactory - Using org.eclipse.m2e.jdt.JarLifecycleMapping lifecycle mapping for MavenProject: steam-turbine-tutorial:steam-turbine-tutorial:1.1-SNAPSHOT @ /predix/Documents/DigitalTwinAgain/steam-turbine-tutorial/pom.xml.
2017-01-30 14:44:46,374 [Worker-20] INFO  o.e.m.c.i.l.LifecycleMappingFactory - Using org.eclipse.m2e.jdt.JarLifecycleMapping lifecycle mapping for MavenProject: com.ge.digitaltwin:digital-twin-time-series-client:3.1.0 @ /predix/Documents/DigitalTwinAgain/digital-twin-time-series-client/pom.xml.
2017-01-30 14:44:46,838 [Worker-20] INFO  o.e.m.j.i.AbstractJavaProjectConfigurator - Adding source folder /steam-turbine-tutorial/src/main/java
2017-01-30 14:44:46,838 [Worker-20] INFO  o.e.m.j.i.AbstractJavaProjectConfigurator - Adding source folder /steam-turbine-tutorial/src/test/java
2017-01-30 14:44:46,950 [Worker-20] INFO  o.e.m.c.i.p.ProjectConfigurationManager - Update completed: 1 sec
2017-01-30 14:44:47,359 [Worker-18] INFO  o.e.m.c.i.embedder.EclipseLogger - Using 'UTF-8' encoding to copy filtered resources.
2017-01-30 14:44:47,360 [Worker-18] INFO  o.e.m.c.i.embedder.EclipseLogger - skip non existing resourceDirectory /predix/Documents/DigitalTwinAgain/digital-twin-time-series-client/src/main/resources
2017-01-30 14:44:47,360 [Worker-18] INFO  o.e.m.c.i.embedder.EclipseLogger - skip non existing resourceDirectory /predix/Documents/DigitalTwinAgain/digital-twin-time-series-client/src/main/resources
2017-01-30 14:44:47,362 [Worker-18] INFO  o.e.m.c.i.embedder.EclipseLogger - Using 'UTF-8' encoding to copy filtered resources.
2017-01-30 14:44:47,363 [Worker-18] INFO  o.e.m.c.i.embedder.EclipseLogger - Copying 0 resource
2017-01-30 14:44:47,375 [Worker-18] WARN  o.e.m.c.i.embedder.EclipseLogger - Using platform encoding (UTF-8 actually) to copy filtered resources, i.e. build is platform dependent!
2017-01-30 14:44:47,376 [Worker-18] INFO  o.e.m.c.i.embedder.EclipseLogger - skip non existing resourceDirectory /predix/Documents/DigitalTwinAgain/steam-turbine-tutorial/src/main/resources
2017-01-30 14:44:47,378 [Worker-18] WARN  o.e.m.c.i.embedder.EclipseLogger - Using platform encoding (UTF-8 actually) to copy filtered resources, i.e. build is platform dependent!
2017-01-30 14:44:47,379 [Worker-18] INFO  o.e.m.c.i.embedder.EclipseLogger - skip non existing resourceDirectory /predix/Documents/DigitalTwinAgain/steam-turbine-tutorial/src/test/resources
2017-01-30 14:47:33,872 [Worker-15] WARN  o.e.m.c.i.embedder.EclipseLogger - Using platform encoding (UTF-8 actually) to copy filtered resources, i.e. build is platform dependent!
2017-01-30 14:47:33,873 [Worker-15] INFO  o.e.m.c.i.embedder.EclipseLogger - skip non existing resourceDirectory /predix/Documents/DigitalTwinAgain/steam-turbine-tutorial/src/main/resources
2017-01-30 14:47:33,873 [Worker-15] WARN  o.e.m.c.i.embedder.EclipseLogger - Using platform encoding (UTF-8 actually) to copy filtered resources, i.e. build is platform dependent!
2017-01-30 14:47:33,874 [Worker-15] INFO  o.e.m.c.i.embedder.EclipseLogger - skip non existing resourceDirectory /predix/Documents/DigitalTwinAgain/steam-turbine-tutorial/src/test/resources
2017-01-30 14:58:00,368 [Worker-21] WARN  o.e.m.c.i.embedder.EclipseLogger - Using platform encoding (UTF-8 actually) to copy filtered resources, i.e. build is platform dependent!
2017-01-30 14:58:00,368 [Worker-21] INFO  o.e.m.c.i.embedder.EclipseLogger - skip non existing resourceDirectory /predix/Documents/DigitalTwinAgain/steam-turbine-tutorial/src/main/resources
2017-01-30 14:58:00,382 [Worker-21] WARN  o.e.m.c.i.embedder.EclipseLogger - Using platform encoding (UTF-8 actually) to copy filtered resources, i.e. build is platform dependent!
2017-01-30 14:58:00,382 [Worker-21] INFO  o.e.m.c.i.embedder.EclipseLogger - skip non existing resourceDirectory /predix/Documents/DigitalTwinAgain/steam-turbine-tutorial/src/test/resources
2017-01-31 04:18:00,093 [Worker-273] WARN  o.e.m.c.i.embedder.EclipseLogger - Using platform encoding (UTF-8 actually) to copy filtered resources, i.e. build is platform dependent!
2017-01-31 04:18:00,093 [Worker-273] INFO  o.e.m.c.i.embedder.EclipseLogger - skip non existing resourceDirectory /predix/Documents/DigitalTwinAgain/steam-turbine-tutorial/src/main/resources
2017-01-31 04:18:00,094 [Worker-273] WARN  o.e.m.c.i.embedder.EclipseLogger - Using platform encoding (UTF-8 actually) to copy filtered resources, i.e. build is platform dependent!
2017-01-31 04:18:00,094 [Worker-273] INFO  o.e.m.c.i.embedder.EclipseLogger - skip non existing resourceDirectory /predix/Documents/DigitalTwinAgain/steam-turbine-tutorial/src/test/resources
2017-01-31 04:23:01,404 [Worker-276] WARN  o.e.m.c.i.embedder.EclipseLogger - The POM for com.ge.digitaltwin:digital-twin-time-series-client:jar:3.0.0 is missing, no dependency information available
2017-01-31 04:23:01,623 [Worker-276] WARN  o.e.m.c.i.embedder.EclipseLogger - The POM for com.ge.digitaltwin:digital-twin-time-series-client:jar:3.0.0 is missing, no dependency information available
2017-01-31 04:23:12,350 [Worker-273] WARN  o.e.m.c.i.embedder.EclipseLogger - Using platform encoding (UTF-8 actually) to copy filtered resources, i.e. build is platform dependent!
2017-01-31 04:23:12,351 [Worker-273] INFO  o.e.m.c.i.embedder.EclipseLogger - skip non existing resourceDirectory /predix/Documents/DigitalTwinAgain/steam-turbine-tutorial/src/main/resources
2017-01-31 04:23:12,351 [Worker-273] WARN  o.e.m.c.i.embedder.EclipseLogger - Using platform encoding (UTF-8 actually) to copy filtered resources, i.e. build is platform dependent!
2017-01-31 04:23:12,351 [Worker-273] INFO  o.e.m.c.i.embedder.EclipseLogger - skip non existing resourceDirectory /predix/Documents/DigitalTwinAgain/steam-turbine-tutorial/src/test/resources
2017-01-31 04:23:18,409 [Worker-279] INFO  o.e.m.c.i.e.AbstractTransferListenerAdapter - Downloaded https://artifactory.predix.io/artifactory/PREDIX-EXT/com/fasterxml/jackson/core/jackson-databind/2.6.5/jackson-databind-2.6.5.pom
2017-01-31 04:23:22,053 [Worker-279] INFO  o.e.m.c.i.e.AbstractTransferListenerAdapter - Downloading http://repo1.maven.org/maven2/com/fasterxml/jackson/core/jackson-databind/2.6.5/jackson-databind-2.6.5.pom
2017-01-31 04:23:22,430 [Worker-279] INFO  o.e.m.c.i.e.AbstractTransferListenerAdapter - Downloaded http://repo1.maven.org/maven2/com/fasterxml/jackson/core/jackson-databind/2.6.5/jackson-databind-2.6.5.pom
2017-01-31 04:23:23,624 [Worker-279] INFO  o.e.m.c.i.e.AbstractTransferListenerAdapter - Downloaded https://artifactory.predix.io/artifactory/PREDIX-EXT/com/fasterxml/jackson/core/jackson-annotations/2.6.5/jackson-annotations-2.6.5.pom
2017-01-31 04:23:23,931 [Worker-279] INFO  o.e.m.c.i.e.AbstractTransferListenerAdapter - Downloading http://repo1.maven.org/maven2/com/fasterxml/jackson/core/jackson-annotations/2.6.5/jackson-annotations-2.6.5.pom
2017-01-31 04:23:24,219 [Worker-279] INFO  o.e.m.c.i.e.AbstractTransferListenerAdapter - Downloaded http://repo1.maven.org/maven2/com/fasterxml/jackson/core/jackson-annotations/2.6.5/jackson-annotations-2.6.5.pom
2017-01-31 04:23:25,444 [Worker-279] INFO  o.e.m.c.i.e.AbstractTransferListenerAdapter - Downloaded https://artifactory.predix.io/artifactory/PREDIX-EXT/com/fasterxml/jackson/core/jackson-core/2.6.5/jackson-core-2.6.5.pom
2017-01-31 04:23:25,734 [Worker-279] INFO  o.e.m.c.i.e.AbstractTransferListenerAdapter - Downloading http://repo1.maven.org/maven2/com/fasterxml/jackson/core/jackson-core/2.6.5/jackson-core-2.6.5.pom
2017-01-31 04:23:26,025 [Worker-279] INFO  o.e.m.c.i.e.AbstractTransferListenerAdapter - Downloaded http://repo1.maven.org/maven2/com/fasterxml/jackson/core/jackson-core/2.6.5/jackson-core-2.6.5.pom
2017-01-31 04:23:27,242 [Worker-279] INFO  o.e.m.c.i.e.AbstractTransferListenerAdapter - Downloaded https://artifactory.predix.io/artifactory/PREDIX-EXT/org/springframework/spring-web/4.2.5.RELEASE/spring-web-4.2.5.RELEASE.pom
2017-01-31 04:23:27,530 [Worker-279] INFO  o.e.m.c.i.e.AbstractTransferListenerAdapter - Downloading http://repo1.maven.org/maven2/org/springframework/spring-web/4.2.5.RELEASE/spring-web-4.2.5.RELEASE.pom
2017-01-31 04:23:27,880 [Worker-279] INFO  o.e.m.c.i.e.AbstractTransferListenerAdapter - Downloaded http://repo1.maven.org/maven2/org/springframework/spring-web/4.2.5.RELEASE/spring-web-4.2.5.RELEASE.pom
2017-01-31 04:23:29,111 [Worker-279] INFO  o.e.m.c.i.e.AbstractTransferListenerAdapter - Downloaded https://artifactory.predix.io/artifactory/PREDIX-EXT/org/springframework/spring-webmvc/4.2.5.RELEASE/spring-webmvc-4.2.5.RELEASE.pom
2017-01-31 04:23:29,401 [Worker-279] INFO  o.e.m.c.i.e.AbstractTransferListenerAdapter - Downloading http://repo1.maven.org/maven2/org/springframework/spring-webmvc/4.2.5.RELEASE/spring-webmvc-4.2.5.RELEASE.pom
2017-01-31 04:23:29,792 [Worker-279] INFO  o.e.m.c.i.e.AbstractTransferListenerAdapter - Downloaded http://repo1.maven.org/maven2/org/springframework/spring-webmvc/4.2.5.RELEASE/spring-webmvc-4.2.5.RELEASE.pom
2017-01-31 04:23:31,002 [Worker-279] INFO  o.e.m.c.i.e.AbstractTransferListenerAdapter - Downloaded https://artifactory.predix.io/artifactory/PREDIX-EXT/org/springframework/security/spring-security-core/4.0.3.RELEASE/spring-security-core-4.0.3.RELEASE.pom
2017-01-31 04:23:31,294 [Worker-279] INFO  o.e.m.c.i.e.AbstractTransferListenerAdapter - Downloading http://repo1.maven.org/maven2/org/springframework/security/spring-security-core/4.0.3.RELEASE/spring-security-core-4.0.3.RELEASE.pom
2017-01-31 04:23:31,620 [Worker-279] INFO  o.e.m.c.i.e.AbstractTransferListenerAdapter - Downloaded http://repo1.maven.org/maven2/org/springframework/security/spring-security-core/4.0.3.RELEASE/spring-security-core-4.0.3.RELEASE.pom
2017-01-31 04:23:32,832 [Worker-279] INFO  o.e.m.c.i.e.AbstractTransferListenerAdapter - Downloaded https://artifactory.predix.io/artifactory/PREDIX-EXT/org/springframework/spring-framework-bom/4.2.2.RELEASE/spring-framework-bom-4.2.2.RELEASE.pom
2017-01-31 04:23:33,118 [Worker-279] INFO  o.e.m.c.i.e.AbstractTransferListenerAdapter - Downloading http://repo1.maven.org/maven2/org/springframework/spring-framework-bom/4.2.2.RELEASE/spring-framework-bom-4.2.2.RELEASE.pom
2017-01-31 04:23:33,621 [Worker-279] INFO  o.e.m.c.i.e.AbstractTransferListenerAdapter - Downloaded http://repo1.maven.org/maven2/org/springframework/spring-framework-bom/4.2.2.RELEASE/spring-framework-bom-4.2.2.RELEASE.pom
2017-01-31 04:23:34,829 [Worker-279] INFO  o.e.m.c.i.e.AbstractTransferListenerAdapter - Downloaded https://artifactory.predix.io/artifactory/PREDIX-EXT/org/springframework/security/spring-security-config/4.0.3.RELEASE/spring-security-config-4.0.3.RELEASE.pom
2017-01-31 04:23:35,116 [Worker-279] INFO  o.e.m.c.i.e.AbstractTransferListenerAdapter - Downloading http://repo1.maven.org/maven2/org/springframework/security/spring-security-config/4.0.3.RELEASE/spring-security-config-4.0.3.RELEASE.pom
2017-01-31 04:23:35,473 [Worker-279] INFO  o.e.m.c.i.e.AbstractTransferListenerAdapter - Downloaded http://repo1.maven.org/maven2/org/springframework/security/spring-security-config/4.0.3.RELEASE/spring-security-config-4.0.3.RELEASE.pom
2017-01-31 04:23:36,665 [Worker-279] INFO  o.e.m.c.i.e.AbstractTransferListenerAdapter - Downloaded https://artifactory.predix.io/artifactory/PREDIX-EXT/org/springframework/security/spring-security-web/4.0.3.RELEASE/spring-security-web-4.0.3.RELEASE.pom
2017-01-31 04:23:36,952 [Worker-279] INFO  o.e.m.c.i.e.AbstractTransferListenerAdapter - Downloading http://repo1.maven.org/maven2/org/springframework/security/spring-security-web/4.0.3.RELEASE/spring-security-web-4.0.3.RELEASE.pom
2017-01-31 04:23:37,270 [Worker-279] INFO  o.e.m.c.i.e.AbstractTransferListenerAdapter - Downloaded http://repo1.maven.org/maven2/org/springframework/security/spring-security-web/4.0.3.RELEASE/spring-security-web-4.0.3.RELEASE.pom
2017-01-31 04:23:38,561 [Worker-279] INFO  o.e.m.c.i.e.AbstractTransferListenerAdapter - Downloaded https://artifactory.predix.io/artifactory/PREDIX-EXT/com/fasterxml/jackson/core/jackson-databind/2.6.5/jackson-databind-2.6.5.jar
2017-01-31 04:23:39,755 [Worker-279] INFO  o.e.m.c.i.e.AbstractTransferListenerAdapter - Downloaded https://artifactory.predix.io/artifactory/PREDIX-EXT/com/fasterxml/jackson/core/jackson-annotations/2.6.5/jackson-annotations-2.6.5.jar
2017-01-31 04:23:40,960 [Worker-279] INFO  o.e.m.c.i.e.AbstractTransferListenerAdapter - Downloaded https://artifactory.predix.io/artifactory/PREDIX-EXT/com/fasterxml/jackson/core/jackson-core/2.6.5/jackson-core-2.6.5.jar
2017-01-31 04:23:42,153 [Worker-279] INFO  o.e.m.c.i.e.AbstractTransferListenerAdapter - Downloaded https://artifactory.predix.io/artifactory/PREDIX-EXT/org/springframework/spring-web/4.2.5.RELEASE/spring-web-4.2.5.RELEASE.jar
2017-01-31 04:23:43,352 [Worker-279] INFO  o.e.m.c.i.e.AbstractTransferListenerAdapter - Downloaded https://artifactory.predix.io/artifactory/PREDIX-EXT/org/springframework/spring-webmvc/4.2.5.RELEASE/spring-webmvc-4.2.5.RELEASE.jar
2017-01-31 04:23:44,557 [Worker-279] INFO  o.e.m.c.i.e.AbstractTransferListenerAdapter - Downloaded https://artifactory.predix.io/artifactory/PREDIX-EXT/org/springframework/security/spring-security-core/4.0.3.RELEASE/spring-security-core-4.0.3.RELEASE.jar
2017-01-31 04:23:45,765 [Worker-279] INFO  o.e.m.c.i.e.AbstractTransferListenerAdapter - Downloaded https://artifactory.predix.io/artifactory/PREDIX-EXT/org/springframework/security/spring-security-config/4.0.3.RELEASE/spring-security-config-4.0.3.RELEASE.jar
2017-01-31 04:23:46,961 [Worker-279] INFO  o.e.m.c.i.e.AbstractTransferListenerAdapter - Downloaded https://artifactory.predix.io/artifactory/PREDIX-EXT/org/springframework/security/spring-security-web/4.0.3.RELEASE/spring-security-web-4.0.3.RELEASE.jar
2017-01-31 04:23:47,259 [Worker-279] INFO  o.e.m.c.i.e.AbstractTransferListenerAdapter - Downloading http://repo1.maven.org/maven2/com/fasterxml/jackson/core/jackson-databind/2.6.5/jackson-databind-2.6.5.jar
2017-01-31 04:23:49,086 [Worker-279] INFO  o.e.m.c.i.e.AbstractTransferListenerAdapter - Downloaded http://repo1.maven.org/maven2/com/fasterxml/jackson/core/jackson-databind/2.6.5/jackson-databind-2.6.5.jar
2017-01-31 04:23:49,377 [Worker-279] INFO  o.e.m.c.i.e.AbstractTransferListenerAdapter - Downloading http://repo1.maven.org/maven2/com/fasterxml/jackson/core/jackson-annotations/2.6.5/jackson-annotations-2.6.5.jar
2017-01-31 04:23:49,906 [Worker-279] INFO  o.e.m.c.i.e.AbstractTransferListenerAdapter - Downloaded http://repo1.maven.org/maven2/com/fasterxml/jackson/core/jackson-annotations/2.6.5/jackson-annotations-2.6.5.jar
2017-01-31 04:23:50,195 [Worker-279] INFO  o.e.m.c.i.e.AbstractTransferListenerAdapter - Downloading http://repo1.maven.org/maven2/com/fasterxml/jackson/core/jackson-core/2.6.5/jackson-core-2.6.5.jar
2017-01-31 04:23:51,125 [Worker-279] INFO  o.e.m.c.i.e.AbstractTransferListenerAdapter - Downloaded http://repo1.maven.org/maven2/com/fasterxml/jackson/core/jackson-core/2.6.5/jackson-core-2.6.5.jar
2017-01-31 04:23:51,410 [Worker-279] INFO  o.e.m.c.i.e.AbstractTransferListenerAdapter - Downloading http://repo1.maven.org/maven2/org/springframework/spring-web/4.2.5.RELEASE/spring-web-4.2.5.RELEASE.jar
2017-01-31 04:23:55,260 [Worker-279] INFO  o.e.m.c.i.e.AbstractTransferListenerAdapter - Downloaded http://repo1.maven.org/maven2/org/springframework/spring-web/4.2.5.RELEASE/spring-web-4.2.5.RELEASE.jar
2017-01-31 04:23:55,553 [Worker-279] INFO  o.e.m.c.i.e.AbstractTransferListenerAdapter - Downloading http://repo1.maven.org/maven2/org/springframework/spring-webmvc/4.2.5.RELEASE/spring-webmvc-4.2.5.RELEASE.jar
2017-01-31 04:23:59,564 [Worker-279] INFO  o.e.m.c.i.e.AbstractTransferListenerAdapter - Downloaded http://repo1.maven.org/maven2/org/springframework/spring-webmvc/4.2.5.RELEASE/spring-webmvc-4.2.5.RELEASE.jar
2017-01-31 04:23:59,853 [Worker-279] INFO  o.e.m.c.i.e.AbstractTransferListenerAdapter - Downloading http://repo1.maven.org/maven2/org/springframework/security/spring-security-core/4.0.3.RELEASE/spring-security-core-4.0.3.RELEASE.jar
2017-01-31 04:24:01,838 [Worker-279] INFO  o.e.m.c.i.e.AbstractTransferListenerAdapter - Downloaded http://repo1.maven.org/maven2/org/springframework/security/spring-security-core/4.0.3.RELEASE/spring-security-core-4.0.3.RELEASE.jar
2017-01-31 04:24:02,126 [Worker-279] INFO  o.e.m.c.i.e.AbstractTransferListenerAdapter - Downloading http://repo1.maven.org/maven2/org/springframework/security/spring-security-config/4.0.3.RELEASE/spring-security-config-4.0.3.RELEASE.jar
2017-01-31 04:24:04,136 [Worker-279] INFO  o.e.m.c.i.e.AbstractTransferListenerAdapter - Downloaded http://repo1.maven.org/maven2/org/springframework/security/spring-security-config/4.0.3.RELEASE/spring-security-config-4.0.3.RELEASE.jar
2017-01-31 04:24:04,421 [Worker-279] INFO  o.e.m.c.i.e.AbstractTransferListenerAdapter - Downloading http://repo1.maven.org/maven2/org/springframework/security/spring-security-web/4.0.3.RELEASE/spring-security-web-4.0.3.RELEASE.jar
2017-01-31 04:24:06,339 [Worker-279] INFO  o.e.m.c.i.e.AbstractTransferListenerAdapter - Downloaded http://repo1.maven.org/maven2/org/springframework/security/spring-security-web/4.0.3.RELEASE/spring-security-web-4.0.3.RELEASE.jar
2017-01-31 05:55:52,940 [Worker-302] WARN  o.e.m.c.i.embedder.EclipseLogger - Using platform encoding (UTF-8 actually) to copy filtered resources, i.e. build is platform dependent!
2017-01-31 05:55:52,956 [Worker-302] INFO  o.e.m.c.i.embedder.EclipseLogger - skip non existing resourceDirectory /predix/Documents/DigitalTwinAgain/steam-turbine-tutorial/src/main/resources
2017-01-31 05:55:52,957 [Worker-302] WARN  o.e.m.c.i.embedder.EclipseLogger - Using platform encoding (UTF-8 actually) to copy filtered resources, i.e. build is platform dependent!
2017-01-31 05:55:52,957 [Worker-302] INFO  o.e.m.c.i.embedder.EclipseLogger - skip non existing resourceDirectory /predix/Documents/DigitalTwinAgain/steam-turbine-tutorial/src/test/resources
2017-01-31 05:59:40,003 [Worker-302] WARN  o.e.m.c.i.embedder.EclipseLogger - Using platform encoding (UTF-8 actually) to copy filtered resources, i.e. build is platform dependent!
2017-01-31 05:59:40,003 [Worker-302] INFO  o.e.m.c.i.embedder.EclipseLogger - skip non existing resourceDirectory /predix/Documents/DigitalTwinAgain/steam-turbine-tutorial/src/main/resources
2017-01-31 05:59:40,004 [Worker-302] WARN  o.e.m.c.i.embedder.EclipseLogger - Using platform encoding (UTF-8 actually) to copy filtered resources, i.e. build is platform dependent!
2017-01-31 05:59:40,004 [Worker-302] INFO  o.e.m.c.i.embedder.EclipseLogger - skip non existing resourceDirectory /predix/Documents/DigitalTwinAgain/steam-turbine-tutorial/src/test/resources
2017-01-31 06:00:14,447 [Worker-303] WARN  o.e.m.c.i.embedder.EclipseLogger - Using platform encoding (UTF-8 actually) to copy filtered resources, i.e. build is platform dependent!
2017-01-31 06:00:14,447 [Worker-303] INFO  o.e.m.c.i.embedder.EclipseLogger - skip non existing resourceDirectory /predix/Documents/DigitalTwinAgain/steam-turbine-tutorial/src/main/resources
2017-01-31 06:00:14,448 [Worker-303] WARN  o.e.m.c.i.embedder.EclipseLogger - Using platform encoding (UTF-8 actually) to copy filtered resources, i.e. build is platform dependent!
2017-01-31 06:00:14,448 [Worker-303] INFO  o.e.m.c.i.embedder.EclipseLogger - skip non existing resourceDirectory /predix/Documents/DigitalTwinAgain/steam-turbine-tutorial/src/test/resources
2017-01-31 06:11:35,535 [Worker-303] WARN  o.e.m.c.i.embedder.EclipseLogger - Using platform encoding (UTF-8 actually) to copy filtered resources, i.e. build is platform dependent!
2017-01-31 06:11:35,535 [Worker-303] INFO  o.e.m.c.i.embedder.EclipseLogger - skip non existing resourceDirectory /predix/Documents/DigitalTwinAgain/steam-turbine-tutorial/src/main/resources
2017-01-31 06:11:35,536 [Worker-303] WARN  o.e.m.c.i.embedder.EclipseLogger - Using platform encoding (UTF-8 actually) to copy filtered resources, i.e. build is platform dependent!
2017-01-31 06:11:35,536 [Worker-303] INFO  o.e.m.c.i.embedder.EclipseLogger - skip non existing resourceDirectory /predix/Documents/DigitalTwinAgain/steam-turbine-tutorial/src/test/resources
2017-01-31 06:13:35,402 [Worker-305] WARN  o.e.m.c.i.embedder.EclipseLogger - Using platform encoding (UTF-8 actually) to copy filtered resources, i.e. build is platform dependent!
2017-01-31 06:13:35,402 [Worker-305] INFO  o.e.m.c.i.embedder.EclipseLogger - skip non existing resourceDirectory /predix/Documents/DigitalTwinAgain/steam-turbine-tutorial/src/main/resources
2017-01-31 06:13:35,403 [Worker-305] WARN  o.e.m.c.i.embedder.EclipseLogger - Using platform encoding (UTF-8 actually) to copy filtered resources, i.e. build is platform dependent!
2017-01-31 06:13:35,403 [Worker-305] INFO  o.e.m.c.i.embedder.EclipseLogger - skip non existing resourceDirectory /predix/Documents/DigitalTwinAgain/steam-turbine-tutorial/src/test/resources
